<?xml version="1.0" encoding="UTF-8"?>
<!-- Generated by org.testng.reporters.JUnitReportReporter -->
<testsuite hostname="DUBN34630627A" failures="0" tests="1" name="com.james.training.RestAssuredCucumber.PlacesApiTest" time="10.912" errors="0" timestamp="2020-04-08T00:09:32 BST" skipped="0">
  <testcase classname="com.james.training.RestAssuredCucumber.PlacesApiTest" name="placesApi" time="10.912"/>
  <system-out/>
</testsuite> <!-- com.james.training.RestAssuredCucumber.PlacesApiTest -->
