<?xml version="1.0" encoding="UTF-8"?>
<!-- Generated by org.testng.reporters.JUnitReportReporter -->
<testsuite hostname="DUBN34630627A" failures="0" tests="1" name="com.james.training.RestAssuredCucumber.SpecBuilderTest" time="5.447" errors="0" timestamp="2020-04-11T04:16:22 BST" skipped="0">
  <testcase classname="com.james.training.RestAssuredCucumber.SpecBuilderTest" name="placesApi" time="5.447"/>
  <system-out/>
</testsuite> <!-- com.james.training.RestAssuredCucumber.SpecBuilderTest -->
