<?xml version="1.0" encoding="UTF-8"?>
<!-- Generated by org.testng.reporters.JUnitReportReporter -->
<testsuite hostname="DUBN34630627A" failures="0" tests="3" name="com.james.training.RestAssuredCucumber.ComplexJsonCoursesTest" time="4.309" errors="0" timestamp="2020-04-10T00:50:35 BST" skipped="0">
  <testcase classname="com.james.training.RestAssuredCucumber.ComplexJsonCoursesTest" name="testPOJODeserializationJsonCourses" time="0.048"/>
  <system-out/>
  <testcase classname="com.james.training.RestAssuredCucumber.ComplexJsonCoursesTest" name="placesApiSerialization" time="2.639"/>
  <system-out/>
  <testcase classname="com.james.training.RestAssuredCucumber.ComplexJsonCoursesTest" name="getComplexJsonCourses" time="1.622"/>
  <system-out/>
</testsuite> <!-- com.james.training.RestAssuredCucumber.ComplexJsonCoursesTest -->
