<?xml version="1.0" encoding="UTF-8"?>
<!-- Generated by org.testng.reporters.JUnitReportReporter -->
<testsuite skipped="0" hostname="DUBN34630627A" name="com.james.training.RestAssuredCucumber.SpecBuilderTest" tests="1" failures="0" timestamp="2020-04-13T03:36:56 IST" time="2.692" errors="0">
  <testcase name="placesApi" time="2.692" classname="com.james.training.RestAssuredCucumber.SpecBuilderTest"/>
  <system-out/>
</testsuite> <!-- com.james.training.RestAssuredCucumber.SpecBuilderTest -->
