<?xml version="1.0" encoding="UTF-8"?>
<!-- Generated by org.testng.reporters.JUnitReportReporter -->
<testsuite skipped="0" hostname="DUBN34630627A" name="com.james.training.RestAssuredCucumber.ComplexJsonCoursesTest" tests="3" failures="0" timestamp="2020-04-13T03:36:56 IST" time="5.857" errors="0">
  <testcase name="getComplexJsonCourses" time="1.870" classname="com.james.training.RestAssuredCucumber.ComplexJsonCoursesTest"/>
  <system-out/>
  <testcase name="placesApiSerialization" time="3.887" classname="com.james.training.RestAssuredCucumber.ComplexJsonCoursesTest"/>
  <system-out/>
  <testcase name="testPOJODeserializationJsonCourses" time="0.100" classname="com.james.training.RestAssuredCucumber.ComplexJsonCoursesTest"/>
  <system-out/>
</testsuite> <!-- com.james.training.RestAssuredCucumber.ComplexJsonCoursesTest -->
